<?xml version="1.0" encoding="UTF-8"?>
<testsuite xmlns:xsi="http://www.w3.org/2001/XMLSchema-instance" xsi:noNamespaceSchemaLocation="https://maven.apache.org/surefire/maven-surefire-plugin/xsd/surefire-test-report.xsd" name="com.github.hiteshlilhare.jcplaystore.AppTest" time="0.066" tests="1" errors="0" skipped="0" failures="0">
  <properties>
    <property name="sun.desktop" value="windows"/>
    <property name="awt.toolkit" value="sun.awt.windows.WToolkit"/>
    <property name="file.encoding.pkg" value="sun.io"/>
    <property name="java.specification.version" value="1.8"/>
    <property name="sun.cpu.isalist" value="amd64"/>
    <property name="sun.jnu.encoding" value="Cp1252"/>
    <property name="java.class.path" value="E:\Sem-2\Thesis\NetBeans\JCPlayStore\target\test-classes;E:\Sem-2\Thesis\NetBeans\JCPlayStore\target\classes;C:\Users\Hitesh\.m2\repository\org\kohsuke\github-api\1.92\github-api-1.92.jar;C:\Users\Hitesh\.m2\repository\commons-lang\commons-lang\2.6\commons-lang-2.6.jar;C:\Users\Hitesh\.m2\repository\commons-codec\commons-codec\1.7\commons-codec-1.7.jar;C:\Users\Hitesh\.m2\repository\com\fasterxml\jackson\core\jackson-databind\2.9.2\jackson-databind-2.9.2.jar;C:\Users\Hitesh\.m2\repository\com\fasterxml\jackson\core\jackson-annotations\2.9.0\jackson-annotations-2.9.0.jar;C:\Users\Hitesh\.m2\repository\com\fasterxml\jackson\core\jackson-core\2.9.2\jackson-core-2.9.2.jar;C:\Users\Hitesh\.m2\repository\commons-io\commons-io\1.4\commons-io-1.4.jar;C:\Users\Hitesh\.m2\repository\com\github\docker-java\docker-java\3.0.14\docker-java-3.0.14.jar;C:\Users\Hitesh\.m2\repository\com\fasterxml\jackson\jaxrs\jackson-jaxrs-json-provider\2.6.4\jackson-jaxrs-json-provider-2.6.4.jar;C:\Users\Hitesh\.m2\repository\com\fasterxml\jackson\jaxrs\jackson-jaxrs-base\2.6.4\jackson-jaxrs-base-2.6.4.jar;C:\Users\Hitesh\.m2\repository\com\fasterxml\jackson\module\jackson-module-jaxb-annotations\2.6.4\jackson-module-jaxb-annotations-2.6.4.jar;C:\Users\Hitesh\.m2\repository\org\glassfish\jersey\connectors\jersey-apache-connector\2.23.1\jersey-apache-connector-2.23.1.jar;C:\Users\Hitesh\.m2\repository\org\glassfish\jersey\core\jersey-common\2.23.1\jersey-common-2.23.1.jar;C:\Users\Hitesh\.m2\repository\javax\annotation\javax.annotation-api\1.2\javax.annotation-api-1.2.jar;C:\Users\Hitesh\.m2\repository\org\glassfish\jersey\bundles\repackaged\jersey-guava\2.23.1\jersey-guava-2.23.1.jar;C:\Users\Hitesh\.m2\repository\org\glassfish\hk2\osgi-resource-locator\1.0.1\osgi-resource-locator-1.0.1.jar;C:\Users\Hitesh\.m2\repository\javax\ws\rs\javax.ws.rs-api\2.0.1\javax.ws.rs-api-2.0.1.jar;C:\Users\Hitesh\.m2\repository\org\apache\httpcomponents\httpcore\4.4.5\httpcore-4.4.5.jar;C:\Users\Hitesh\.m2\repository\org\glassfish\jersey\core\jersey-client\2.23.1\jersey-client-2.23.1.jar;C:\Users\Hitesh\.m2\repository\org\glassfish\hk2\hk2-api\2.4.0-b34\hk2-api-2.4.0-b34.jar;C:\Users\Hitesh\.m2\repository\org\glassfish\hk2\hk2-utils\2.4.0-b34\hk2-utils-2.4.0-b34.jar;C:\Users\Hitesh\.m2\repository\org\glassfish\hk2\external\aopalliance-repackaged\2.4.0-b34\aopalliance-repackaged-2.4.0-b34.jar;C:\Users\Hitesh\.m2\repository\org\glassfish\hk2\external\javax.inject\2.4.0-b34\javax.inject-2.4.0-b34.jar;C:\Users\Hitesh\.m2\repository\org\glassfish\hk2\hk2-locator\2.4.0-b34\hk2-locator-2.4.0-b34.jar;C:\Users\Hitesh\.m2\repository\org\javassist\javassist\3.18.1-GA\javassist-3.18.1-GA.jar;C:\Users\Hitesh\.m2\repository\com\kohlschutter\junixsocket\junixsocket-common\2.0.4\junixsocket-common-2.0.4.jar;C:\Users\Hitesh\.m2\repository\log4j\log4j\1.2.17\log4j-1.2.17.jar;C:\Users\Hitesh\.m2\repository\com\kohlschutter\junixsocket\junixsocket-native-common\2.0.4\junixsocket-native-common-2.0.4.jar;C:\Users\Hitesh\.m2\repository\org\scijava\native-lib-loader\2.0.2\native-lib-loader-2.0.2.jar;C:\Users\Hitesh\.m2\repository\org\apache\commons\commons-compress\1.12\commons-compress-1.12.jar;C:\Users\Hitesh\.m2\repository\org\slf4j\jcl-over-slf4j\1.7.21\jcl-over-slf4j-1.7.21.jar;C:\Users\Hitesh\.m2\repository\com\google\guava\guava\19.0\guava-19.0.jar;C:\Users\Hitesh\.m2\repository\org\bouncycastle\bcpkix-jdk15on\1.54\bcpkix-jdk15on-1.54.jar;C:\Users\Hitesh\.m2\repository\io\netty\netty-codec-http\4.1.11.Final\netty-codec-http-4.1.11.Final.jar;C:\Users\Hitesh\.m2\repository\io\netty\netty-codec\4.1.11.Final\netty-codec-4.1.11.Final.jar;C:\Users\Hitesh\.m2\repository\io\netty\netty-handler\4.1.11.Final\netty-handler-4.1.11.Final.jar;C:\Users\Hitesh\.m2\repository\io\netty\netty-buffer\4.1.11.Final\netty-buffer-4.1.11.Final.jar;C:\Users\Hitesh\.m2\repository\io\netty\netty-transport\4.1.11.Final\netty-transport-4.1.11.Final.jar;C:\Users\Hitesh\.m2\repository\io\netty\netty-resolver\4.1.11.Final\netty-resolver-4.1.11.Final.jar;C:\Users\Hitesh\.m2\repository\io\netty\netty-handler-proxy\4.1.11.Final\netty-handler-proxy-4.1.11.Final.jar;C:\Users\Hitesh\.m2\repository\io\netty\netty-codec-socks\4.1.11.Final\netty-codec-socks-4.1.11.Final.jar;C:\Users\Hitesh\.m2\repository\io\netty\netty-transport-native-epoll\4.1.11.Final\netty-transport-native-epoll-4.1.11.Final-linux-x86_64.jar;C:\Users\Hitesh\.m2\repository\io\netty\netty-common\4.1.11.Final\netty-common-4.1.11.Final.jar;C:\Users\Hitesh\.m2\repository\io\netty\netty-transport-native-unix-common\4.1.11.Final\netty-transport-native-unix-common-4.1.11.Final.jar;C:\Users\Hitesh\.m2\repository\io\netty\netty-transport-native-kqueue\4.1.11.Final\netty-transport-native-kqueue-4.1.11.Final-osx-x86_64.jar;C:\Users\Hitesh\.m2\repository\com\github\martinpaljak\globalplatformpro\0.3.10-rc12\globalplatformpro-0.3.10-rc12.jar;C:\Users\Hitesh\.m2\repository\org\eclipse\jgit\org.eclipse.jgit\5.0.2.201807311906-r\org.eclipse.jgit-5.0.2.201807311906-r.jar;C:\Users\Hitesh\.m2\repository\com\jcraft\jsch\0.1.54\jsch-0.1.54.jar;C:\Users\Hitesh\.m2\repository\com\jcraft\jzlib\1.1.1\jzlib-1.1.1.jar;C:\Users\Hitesh\.m2\repository\com\googlecode\javaewah\JavaEWAH\1.1.6\JavaEWAH-1.1.6.jar;C:\Users\Hitesh\.m2\repository\com\github\martinpaljak\apdu4j\17.11.26\apdu4j-17.11.26.jar;C:\Users\Hitesh\.m2\repository\io\github\jnasmartcardio\jnasmartcardio\0.2.7\jnasmartcardio-0.2.7.jar;C:\Users\Hitesh\.m2\repository\net\java\dev\jna\jna\4.0.0\jna-4.0.0.jar;C:\Users\Hitesh\.m2\repository\com\googlecode\json-simple\json-simple\1.1.1\json-simple-1.1.1.jar;C:\Users\Hitesh\.m2\repository\com\google\code\gson\gson\2.8.2\gson-2.8.2.jar;C:\Users\Hitesh\.m2\repository\org\apache\httpcomponents\httpclient\4.5.5\httpclient-4.5.5.jar;C:\Users\Hitesh\.m2\repository\commons-logging\commons-logging\1.2\commons-logging-1.2.jar;C:\Users\Hitesh\.m2\repository\org\slf4j\slf4j-simple\1.7.25\slf4j-simple-1.7.25.jar;C:\Users\Hitesh\.m2\repository\org\slf4j\slf4j-api\1.7.25\slf4j-api-1.7.25.jar;C:\Users\Hitesh\.m2\repository\org\bouncycastle\bcprov-jdk15on\1.59\bcprov-jdk15on-1.59.jar;C:\Users\Hitesh\.m2\repository\net\sf\jopt-simple\jopt-simple\5.0.4\jopt-simple-5.0.4.jar;C:\Users\Hitesh\.m2\repository\com\payneteasy\ber-tlv\1.0-8\ber-tlv-1.0-8.jar;C:\Users\Hitesh\.m2\repository\junit\junit\4.12\junit-4.12.jar;C:\Users\Hitesh\.m2\repository\org\hamcrest\hamcrest-core\1.3\hamcrest-core-1.3.jar;"/>
    <property name="java.vm.vendor" value="Oracle Corporation"/>
    <property name="sun.arch.data.model" value="64"/>
    <property name="user.variant" value=""/>
    <property name="java.vendor.url" value="http://java.oracle.com/"/>
    <property name="user.timezone" value="Asia/Calcutta"/>
    <property name="java.vm.specification.version" value="1.8"/>
    <property name="os.name" value="Windows 10"/>
    <property name="sun.java.launcher" value="SUN_STANDARD"/>
    <property name="user.country" value="IN"/>
    <property name="sun.boot.library.path" value="C:\Program Files\Java\jdk1.8.0_141\jre\bin"/>
    <property name="sun.java.command" value="C:\Users\Hitesh\AppData\Local\Temp\surefire2350963378989529825\surefirebooter3536032273722363523.jar C:\Users\Hitesh\AppData\Local\Temp\surefire2350963378989529825 2018-09-15T01-55-32_452-jvmRun1 surefire2885258164882381609tmp surefire_09036517135021180211tmp"/>
    <property name="surefire.test.class.path" value="E:\Sem-2\Thesis\NetBeans\JCPlayStore\target\test-classes;E:\Sem-2\Thesis\NetBeans\JCPlayStore\target\classes;C:\Users\Hitesh\.m2\repository\org\kohsuke\github-api\1.92\github-api-1.92.jar;C:\Users\Hitesh\.m2\repository\commons-lang\commons-lang\2.6\commons-lang-2.6.jar;C:\Users\Hitesh\.m2\repository\commons-codec\commons-codec\1.7\commons-codec-1.7.jar;C:\Users\Hitesh\.m2\repository\com\fasterxml\jackson\core\jackson-databind\2.9.2\jackson-databind-2.9.2.jar;C:\Users\Hitesh\.m2\repository\com\fasterxml\jackson\core\jackson-annotations\2.9.0\jackson-annotations-2.9.0.jar;C:\Users\Hitesh\.m2\repository\com\fasterxml\jackson\core\jackson-core\2.9.2\jackson-core-2.9.2.jar;C:\Users\Hitesh\.m2\repository\commons-io\commons-io\1.4\commons-io-1.4.jar;C:\Users\Hitesh\.m2\repository\com\github\docker-java\docker-java\3.0.14\docker-java-3.0.14.jar;C:\Users\Hitesh\.m2\repository\com\fasterxml\jackson\jaxrs\jackson-jaxrs-json-provider\2.6.4\jackson-jaxrs-json-provider-2.6.4.jar;C:\Users\Hitesh\.m2\repository\com\fasterxml\jackson\jaxrs\jackson-jaxrs-base\2.6.4\jackson-jaxrs-base-2.6.4.jar;C:\Users\Hitesh\.m2\repository\com\fasterxml\jackson\module\jackson-module-jaxb-annotations\2.6.4\jackson-module-jaxb-annotations-2.6.4.jar;C:\Users\Hitesh\.m2\repository\org\glassfish\jersey\connectors\jersey-apache-connector\2.23.1\jersey-apache-connector-2.23.1.jar;C:\Users\Hitesh\.m2\repository\org\glassfish\jersey\core\jersey-common\2.23.1\jersey-common-2.23.1.jar;C:\Users\Hitesh\.m2\repository\javax\annotation\javax.annotation-api\1.2\javax.annotation-api-1.2.jar;C:\Users\Hitesh\.m2\repository\org\glassfish\jersey\bundles\repackaged\jersey-guava\2.23.1\jersey-guava-2.23.1.jar;C:\Users\Hitesh\.m2\repository\org\glassfish\hk2\osgi-resource-locator\1.0.1\osgi-resource-locator-1.0.1.jar;C:\Users\Hitesh\.m2\repository\javax\ws\rs\javax.ws.rs-api\2.0.1\javax.ws.rs-api-2.0.1.jar;C:\Users\Hitesh\.m2\repository\org\apache\httpcomponents\httpcore\4.4.5\httpcore-4.4.5.jar;C:\Users\Hitesh\.m2\repository\org\glassfish\jersey\core\jersey-client\2.23.1\jersey-client-2.23.1.jar;C:\Users\Hitesh\.m2\repository\org\glassfish\hk2\hk2-api\2.4.0-b34\hk2-api-2.4.0-b34.jar;C:\Users\Hitesh\.m2\repository\org\glassfish\hk2\hk2-utils\2.4.0-b34\hk2-utils-2.4.0-b34.jar;C:\Users\Hitesh\.m2\repository\org\glassfish\hk2\external\aopalliance-repackaged\2.4.0-b34\aopalliance-repackaged-2.4.0-b34.jar;C:\Users\Hitesh\.m2\repository\org\glassfish\hk2\external\javax.inject\2.4.0-b34\javax.inject-2.4.0-b34.jar;C:\Users\Hitesh\.m2\repository\org\glassfish\hk2\hk2-locator\2.4.0-b34\hk2-locator-2.4.0-b34.jar;C:\Users\Hitesh\.m2\repository\org\javassist\javassist\3.18.1-GA\javassist-3.18.1-GA.jar;C:\Users\Hitesh\.m2\repository\com\kohlschutter\junixsocket\junixsocket-common\2.0.4\junixsocket-common-2.0.4.jar;C:\Users\Hitesh\.m2\repository\log4j\log4j\1.2.17\log4j-1.2.17.jar;C:\Users\Hitesh\.m2\repository\com\kohlschutter\junixsocket\junixsocket-native-common\2.0.4\junixsocket-native-common-2.0.4.jar;C:\Users\Hitesh\.m2\repository\org\scijava\native-lib-loader\2.0.2\native-lib-loader-2.0.2.jar;C:\Users\Hitesh\.m2\repository\org\apache\commons\commons-compress\1.12\commons-compress-1.12.jar;C:\Users\Hitesh\.m2\repository\org\slf4j\jcl-over-slf4j\1.7.21\jcl-over-slf4j-1.7.21.jar;C:\Users\Hitesh\.m2\repository\com\google\guava\guava\19.0\guava-19.0.jar;C:\Users\Hitesh\.m2\repository\org\bouncycastle\bcpkix-jdk15on\1.54\bcpkix-jdk15on-1.54.jar;C:\Users\Hitesh\.m2\repository\io\netty\netty-codec-http\4.1.11.Final\netty-codec-http-4.1.11.Final.jar;C:\Users\Hitesh\.m2\repository\io\netty\netty-codec\4.1.11.Final\netty-codec-4.1.11.Final.jar;C:\Users\Hitesh\.m2\repository\io\netty\netty-handler\4.1.11.Final\netty-handler-4.1.11.Final.jar;C:\Users\Hitesh\.m2\repository\io\netty\netty-buffer\4.1.11.Final\netty-buffer-4.1.11.Final.jar;C:\Users\Hitesh\.m2\repository\io\netty\netty-transport\4.1.11.Final\netty-transport-4.1.11.Final.jar;C:\Users\Hitesh\.m2\repository\io\netty\netty-resolver\4.1.11.Final\netty-resolver-4.1.11.Final.jar;C:\Users\Hitesh\.m2\repository\io\netty\netty-handler-proxy\4.1.11.Final\netty-handler-proxy-4.1.11.Final.jar;C:\Users\Hitesh\.m2\repository\io\netty\netty-codec-socks\4.1.11.Final\netty-codec-socks-4.1.11.Final.jar;C:\Users\Hitesh\.m2\repository\io\netty\netty-transport-native-epoll\4.1.11.Final\netty-transport-native-epoll-4.1.11.Final-linux-x86_64.jar;C:\Users\Hitesh\.m2\repository\io\netty\netty-common\4.1.11.Final\netty-common-4.1.11.Final.jar;C:\Users\Hitesh\.m2\repository\io\netty\netty-transport-native-unix-common\4.1.11.Final\netty-transport-native-unix-common-4.1.11.Final.jar;C:\Users\Hitesh\.m2\repository\io\netty\netty-transport-native-kqueue\4.1.11.Final\netty-transport-native-kqueue-4.1.11.Final-osx-x86_64.jar;C:\Users\Hitesh\.m2\repository\com\github\martinpaljak\globalplatformpro\0.3.10-rc12\globalplatformpro-0.3.10-rc12.jar;C:\Users\Hitesh\.m2\repository\org\eclipse\jgit\org.eclipse.jgit\5.0.2.201807311906-r\org.eclipse.jgit-5.0.2.201807311906-r.jar;C:\Users\Hitesh\.m2\repository\com\jcraft\jsch\0.1.54\jsch-0.1.54.jar;C:\Users\Hitesh\.m2\repository\com\jcraft\jzlib\1.1.1\jzlib-1.1.1.jar;C:\Users\Hitesh\.m2\repository\com\googlecode\javaewah\JavaEWAH\1.1.6\JavaEWAH-1.1.6.jar;C:\Users\Hitesh\.m2\repository\com\github\martinpaljak\apdu4j\17.11.26\apdu4j-17.11.26.jar;C:\Users\Hitesh\.m2\repository\io\github\jnasmartcardio\jnasmartcardio\0.2.7\jnasmartcardio-0.2.7.jar;C:\Users\Hitesh\.m2\repository\net\java\dev\jna\jna\4.0.0\jna-4.0.0.jar;C:\Users\Hitesh\.m2\repository\com\googlecode\json-simple\json-simple\1.1.1\json-simple-1.1.1.jar;C:\Users\Hitesh\.m2\repository\com\google\code\gson\gson\2.8.2\gson-2.8.2.jar;C:\Users\Hitesh\.m2\repository\org\apache\httpcomponents\httpclient\4.5.5\httpclient-4.5.5.jar;C:\Users\Hitesh\.m2\repository\commons-logging\commons-logging\1.2\commons-logging-1.2.jar;C:\Users\Hitesh\.m2\repository\org\slf4j\slf4j-simple\1.7.25\slf4j-simple-1.7.25.jar;C:\Users\Hitesh\.m2\repository\org\slf4j\slf4j-api\1.7.25\slf4j-api-1.7.25.jar;C:\Users\Hitesh\.m2\repository\org\bouncycastle\bcprov-jdk15on\1.59\bcprov-jdk15on-1.59.jar;C:\Users\Hitesh\.m2\repository\net\sf\jopt-simple\jopt-simple\5.0.4\jopt-simple-5.0.4.jar;C:\Users\Hitesh\.m2\repository\com\payneteasy\ber-tlv\1.0-8\ber-tlv-1.0-8.jar;C:\Users\Hitesh\.m2\repository\junit\junit\4.12\junit-4.12.jar;C:\Users\Hitesh\.m2\repository\org\hamcrest\hamcrest-core\1.3\hamcrest-core-1.3.jar;"/>
    <property name="sun.cpu.endian" value="little"/>
    <property name="user.home" value="C:\Users\Hitesh"/>
    <property name="user.language" value="en"/>
    <property name="java.specification.vendor" value="Oracle Corporation"/>
    <property name="java.home" value="C:\Program Files\Java\jdk1.8.0_141\jre"/>
    <property name="basedir" value="E:\Sem-2\Thesis\NetBeans\JCPlayStore"/>
    <property name="file.separator" value="\"/>
    <property name="line.separator" value="&#10;"/>
    <property name="java.vm.specification.vendor" value="Oracle Corporation"/>
    <property name="java.specification.name" value="Java Platform API Specification"/>
    <property name="java.awt.graphicsenv" value="sun.awt.Win32GraphicsEnvironment"/>
    <property name="surefire.real.class.path" value="C:\Users\Hitesh\AppData\Local\Temp\surefire2350963378989529825\surefirebooter3536032273722363523.jar"/>
    <property name="sun.boot.class.path" value="C:\Program Files\Java\jdk1.8.0_141\jre\lib\resources.jar;C:\Program Files\Java\jdk1.8.0_141\jre\lib\rt.jar;C:\Program Files\Java\jdk1.8.0_141\jre\lib\sunrsasign.jar;C:\Program Files\Java\jdk1.8.0_141\jre\lib\jsse.jar;C:\Program Files\Java\jdk1.8.0_141\jre\lib\jce.jar;C:\Program Files\Java\jdk1.8.0_141\jre\lib\charsets.jar;C:\Program Files\Java\jdk1.8.0_141\jre\lib\jfr.jar;C:\Program Files\Java\jdk1.8.0_141\jre\classes"/>
    <property name="user.script" value=""/>
    <property name="sun.management.compiler" value="HotSpot 64-Bit Tiered Compilers"/>
    <property name="java.runtime.version" value="1.8.0_141-b15"/>
    <property name="user.name" value="Hitesh"/>
    <property name="path.separator" value=";"/>
    <property name="os.version" value="10.0"/>
    <property name="java.endorsed.dirs" value="C:\Program Files\Java\jdk1.8.0_141\jre\lib\endorsed"/>
    <property name="java.runtime.name" value="Java(TM) SE Runtime Environment"/>
    <property name="file.encoding" value="UTF-8"/>
    <property name="java.vm.name" value="Java HotSpot(TM) 64-Bit Server VM"/>
    <property name="maven.ext.class.path" value="C:\Program Files\NetBeans 8.2\java\maven-nblib\netbeans-eventspy.jar"/>
    <property name="localRepository" value="C:\Users\Hitesh\.m2\repository"/>
    <property name="java.vendor.url.bug" value="http://bugreport.sun.com/bugreport/"/>
    <property name="java.io.tmpdir" value="C:\Users\Hitesh\AppData\Local\Temp\"/>
    <property name="java.version" value="1.8.0_141"/>
    <property name="user.dir" value="E:\Sem-2\Thesis\NetBeans\JCPlayStore"/>
    <property name="os.arch" value="amd64"/>
    <property name="java.vm.specification.name" value="Java Virtual Machine Specification"/>
    <property name="java.awt.printerjob" value="sun.awt.windows.WPrinterJob"/>
    <property name="sun.os.patch.level" value=""/>
    <property name="java.library.path" value="C:\Program Files\Java\jdk1.8.0_141\jre\bin;C:\WINDOWS\Sun\Java\bin;C:\WINDOWS\system32;C:\WINDOWS;C:\Perl64\site\bin;C:\Perl64\bin;C:\ProgramData\Oracle\Java\javapath;C:\Program Files (x86)\Intel\iCLS Client\;C:\Program Files\Intel\iCLS Client\;C:\Windows\system32;C:\Windows;C:\Windows\System32\Wbem;C:\Windows\System32\WindowsPowerShell\v1.0\;C:\Program Files (x86)\Intel\Intel(R) Management Engine Components\DAL;C:\Program Files\Intel\Intel(R) Management Engine Components\DAL;C:\Program Files (x86)\Intel\Intel(R) Management Engine Components\IPT;C:\Program Files\Intel\Intel(R) Management Engine Components\IPT;C:\Program Files\Intel\WiFi\bin\;C:\Program Files\Common Files\Intel\WirelessCommon\;C:\Program Files (x86)\NVIDIA Corporation\PhysX\Common;C:\Program Files (x86)\GnuWin32\bin;C:\Program Files (x86)\Microsoft SQL Server\100\Tools\Binn\;C:\Program Files\Microsoft SQL Server\100\Tools\Binn\;C:\Program Files\Microsoft SQL Server\100\DTS\Binn\;C:\Program Files\PuTTY\;C:\Users\Hitesh\.dnx\bin;C:\Program Files\Microsoft DNX\Dnvm\;C:\Program Files\Microsoft SQL Server\130\Tools\Binn\;C:\Program Files\OpenVPN\bin;C:\Program Files\Git\cmd;C:\WINDOWS\system32;C:\WINDOWS;C:\WINDOWS\System32\Wbem;C:\WINDOWS\System32\WindowsPowerShell\v1.0\;E:\Sem-2\Project\SmartGrid\jEdit;E:\Sem-2\apache-ant-1.9.10\bin;E:\Sem-2\Thesis\apache-maven-3.5.3\bin;C:\Program Files (x86)\IVI Foundation\VISA\WinNT\Bin;C:\Program Files\leJOS EV3\bin;C:\Program Files\MiKTeX 2.9\miktex\bin\x64\;C:\WINDOWS\System32\OpenSSH\;C:\Program Files (x86)\Gpg4win\..\GnuPG\bin;C:\Users\Hitesh\AppData\Local\Microsoft\WindowsApps;C:\Users\Hitesh\AppData\Local\GitHubDesktop\bin;E:\Sem-1\Software\modelsim_ase\win32aloem;C:\Users\Hitesh\AppData\Local\Microsoft\WindowsApps;;."/>
    <property name="java.vm.info" value="mixed mode"/>
    <property name="java.vendor" value="Oracle Corporation"/>
    <property name="java.vm.version" value="25.141-b15"/>
    <property name="java.ext.dirs" value="C:\Program Files\Java\jdk1.8.0_141\jre\lib\ext;C:\WINDOWS\Sun\Java\lib\ext"/>
    <property name="sun.io.unicode.encoding" value="UnicodeLittle"/>
    <property name="java.class.version" value="52.0"/>
  </properties>
  <testcase name="shouldAnswerWithTrue" classname="com.github.hiteshlilhare.jcplaystore.AppTest" time="0.001"/>
</testsuite>